<?xml version="1.0" encoding="UTF-8"?>
<Site BuildName="(empty)"
	BuildStamp="20250508-0831-Experimental"
	Name="(empty)"
	Generator="ctest-3.31.3"
	CompilerName=""
	CompilerVersion=""
	OSName="Windows"
	Hostname="Alex"
	OSRelease=" Professional"
	OSVersion=" (Build 26100)"
	OSPlatform="AMD64"
	Is64Bits="1"
	VendorString="AuthenticAMD"
	VendorID="Advanced Micro Devices"
	FamilyID="15"
	ModelID="0"
	ModelName="AMD Ryzen 7 5800H with Radeon Graphics         "
	ProcessorCacheSize="64"
	NumberOfLogicalCPU="16"
	NumberOfPhysicalCPU="8"
	TotalVirtualMemory="37238"
	TotalPhysicalMemory="15734"
	LogicalProcessorsPerPhysical="2"
	ProcessorClockFrequency="3193"
	>
	<Testing>
		<StartDateTime>May 08 10:31 [NON-UTF-8-BYTE-0xCE][NON-UTF-8-BYTE-0xF7]ŷ[NON-UTF-8-BYTE-0xCF][NON-UTF-8-BYTE-0xC4][NON-UTF-8-BYTE-0xC1][NON-UTF-8-BYTE-0xEE]ʱ</StartDateTime>
		<StartTestTime>1746693112</StartTestTime>
		<TestList/>
		<EndDateTime>May 08 10:31 [NON-UTF-8-BYTE-0xCE][NON-UTF-8-BYTE-0xF7]ŷ[NON-UTF-8-BYTE-0xCF][NON-UTF-8-BYTE-0xC4][NON-UTF-8-BYTE-0xC1][NON-UTF-8-BYTE-0xEE]ʱ</EndDateTime>
		<EndTestTime>1746693112</EndTestTime>
		<ElapsedMinutes>0</ElapsedMinutes>
	</Testing>
</Site>
